<?xml version="1.0" encoding="UTF-8"?>
<!-- Generated by org.testng.reporters.JUnitReportReporter -->
<testsuite hostname="Garg-Laptop" failures="0" tests="1" name="com.mansi.adactin.com.mansi.adactin.tests.RoomBookingTest" time="27.552" errors="0" timestamp="2025-06-18T21:04:29 IST" skipped="0">
  <testcase classname="com.mansi.adactin.com.mansi.adactin.tests.RoomBookingTest" name="searchHotel" time="27.552"/>
</testsuite> <!-- com.mansi.adactin.com.mansi.adactin.tests.RoomBookingTest -->
